This is pdfTeX, Version 3.141592653-2.6-1.40.25 (MiKTeX 24.1) (preloaded format=pdflatex 2024.9.3)  15 OCT 2025 23:09
entering extended mode
 restricted \write18 enabled.
 %&-line parsing enabled.
**./document.tex
(document.tex
LaTeX2e <2023-11-01> patch level 1
L3 programming layer <2024-01-04>
(C:\Users\prstu\AppData\Local\Programs\MiKTeX\tex/latex/base\article.cls
Document Class: article 2023/05/17 v1.4n Standard LaTeX document class
(C:\Users\prstu\AppData\Local\Programs\MiKTeX\tex/latex/base\size11.clo
File: size11.clo 2023/05/17 v1.4n Standard LaTeX file (size option)
)
\c@part=\count187
\c@section=\count188
\c@subsection=\count189
\c@subsubsection=\count190
\c@paragraph=\count191
\c@subparagraph=\count192
\c@figure=\count193
\c@table=\count194
\abovecaptionskip=\skip48
\belowcaptionskip=\skip49
\bibindent=\dimen140
)
(C:\Users\prstu\AppData\Local\Programs\MiKTeX\tex/latex/base\fontenc.sty
Package: fontenc 2021/04/29 v2.0v Standard LaTeX package
)
(C:\Users\prstu\AppData\Local\Programs\MiKTeX\tex/latex/graphics\graphicx.sty
Package: graphicx 2021/09/16 v1.2d Enhanced LaTeX Graphics (DPC,SPQR)

(C:\Users\prstu\AppData\Local\Programs\MiKTeX\tex/latex/graphics\keyval.sty
Package: keyval 2022/05/29 v1.15 key=value parser (DPC)
\KV@toks@=\toks17
)
(C:\Users\prstu\AppData\Local\Programs\MiKTeX\tex/latex/graphics\graphics.sty
Package: graphics 2022/03/10 v1.4e Standard LaTeX Graphics (DPC,SPQR)

(C:\Users\prstu\AppData\Local\Programs\MiKTeX\tex/latex/graphics\trig.sty
Package: trig 2021/08/11 v1.11 sin cos tan (DPC)
)
(C:\Users\prstu\AppData\Local\Programs\MiKTeX\tex/latex/graphics-cfg\graphics.c
fg
File: graphics.cfg 2016/06/04 v1.11 sample graphics configuration
)
Package graphics Info: Driver file: pdftex.def on input line 107.

(C:\Users\prstu\AppData\Local\Programs\MiKTeX\tex/latex/graphics-def\pdftex.def
File: pdftex.def 2022/09/22 v1.2b Graphics/color driver for pdftex
))
\Gin@req@height=\dimen141
\Gin@req@width=\dimen142
)
(C:\Users\prstu\AppData\Local\Programs\MiKTeX\tex/latex/mathtools\mathtools.sty
Package: mathtools 2024/03/11 v1.30 mathematical typesetting tools
(C:\Users\prstu\AppData\Local\Programs\MiKTeX\tex/latex/tools\calc.sty
Package: calc 2023/07/08 v4.3 Infix arithmetic (KKT,FJ)
\calc@Acount=\count195
\calc@Bcount=\count196
\calc@Adimen=\dimen143
\calc@Bdimen=\dimen144
\calc@Askip=\skip50
\calc@Bskip=\skip51
LaTeX Info: Redefining \setlength on input line 80.
LaTeX Info: Redefining \addtolength on input line 81.
\calc@Ccount=\count197
\calc@Cskip=\skip52
)
(C:\Users\prstu\AppData\Local\Programs\MiKTeX\tex/latex/mathtools\mhsetup.sty
Package: mhsetup 2021/03/18 v1.4 programming setup (MH)
)
(C:\Users\prstu\AppData\Local\Programs\MiKTeX\tex/latex/amsmath\amsmath.sty
Package: amsmath 2023/05/13 v2.17o AMS math features
\@mathmargin=\skip53

For additional information on amsmath, use the `?' option.
(C:\Users\prstu\AppData\Local\Programs\MiKTeX\tex/latex/amsmath\amstext.sty
Package: amstext 2021/08/26 v2.01 AMS text

(C:\Users\prstu\AppData\Local\Programs\MiKTeX\tex/latex/amsmath\amsgen.sty
File: amsgen.sty 1999/11/30 v2.0 generic functions
\@emptytoks=\toks18
\ex@=\dimen145
))
(C:\Users\prstu\AppData\Local\Programs\MiKTeX\tex/latex/amsmath\amsbsy.sty
Package: amsbsy 1999/11/29 v1.2d Bold Symbols
\pmbraise@=\dimen146
)
(C:\Users\prstu\AppData\Local\Programs\MiKTeX\tex/latex/amsmath\amsopn.sty
Package: amsopn 2022/04/08 v2.04 operator names
)
\inf@bad=\count198
LaTeX Info: Redefining \frac on input line 234.
\uproot@=\count199
\leftroot@=\count266
LaTeX Info: Redefining \overline on input line 399.
LaTeX Info: Redefining \colon on input line 410.
\classnum@=\count267
\DOTSCASE@=\count268
LaTeX Info: Redefining \ldots on input line 496.
LaTeX Info: Redefining \dots on input line 499.
LaTeX Info: Redefining \cdots on input line 620.
\Mathstrutbox@=\box51
\strutbox@=\box52
LaTeX Info: Redefining \big on input line 722.
LaTeX Info: Redefining \Big on input line 723.
LaTeX Info: Redefining \bigg on input line 724.
LaTeX Info: Redefining \Bigg on input line 725.
\big@size=\dimen147
LaTeX Font Info:    Redeclaring font encoding OML on input line 743.
LaTeX Font Info:    Redeclaring font encoding OMS on input line 744.
\macc@depth=\count269
LaTeX Info: Redefining \bmod on input line 905.
LaTeX Info: Redefining \pmod on input line 910.
LaTeX Info: Redefining \smash on input line 940.
LaTeX Info: Redefining \relbar on input line 970.
LaTeX Info: Redefining \Relbar on input line 971.
\c@MaxMatrixCols=\count270
\dotsspace@=\muskip16
\c@parentequation=\count271
\dspbrk@lvl=\count272
\tag@help=\toks19
\row@=\count273
\column@=\count274
\maxfields@=\count275
\andhelp@=\toks20
\eqnshift@=\dimen148
\alignsep@=\dimen149
\tagshift@=\dimen150
\tagwidth@=\dimen151
\totwidth@=\dimen152
\lineht@=\dimen153
\@envbody=\toks21
\multlinegap=\skip54
\multlinetaggap=\skip55
\mathdisplay@stack=\toks22
LaTeX Info: Redefining \[ on input line 2953.
LaTeX Info: Redefining \] on input line 2954.
)
\g_MT_multlinerow_int=\count276
\l_MT_multwidth_dim=\dimen154
\origjot=\skip56
\l_MT_shortvdotswithinadjustabove_dim=\dimen155
\l_MT_shortvdotswithinadjustbelow_dim=\dimen156
\l_MT_above_intertext_sep=\dimen157
\l_MT_below_intertext_sep=\dimen158
\l_MT_above_shortintertext_sep=\dimen159
\l_MT_below_shortintertext_sep=\dimen160
\xmathstrut@box=\box53
\xmathstrut@dim=\dimen161
)
(C:\Users\prstu\AppData\Local\Programs\MiKTeX\tex/latex/amsfonts\amssymb.sty
Package: amssymb 2013/01/14 v3.01 AMS font symbols

(C:\Users\prstu\AppData\Local\Programs\MiKTeX\tex/latex/amsfonts\amsfonts.sty
Package: amsfonts 2013/01/14 v3.01 Basic AMSFonts support
\symAMSa=\mathgroup4
\symAMSb=\mathgroup5
LaTeX Font Info:    Redeclaring math symbol \hbar on input line 98.
LaTeX Font Info:    Overwriting math alphabet `\mathfrak' in version `bold'
(Font)                  U/euf/m/n --> U/euf/b/n on input line 106.
)) (C:\Users\prstu\AppData\Local\Programs\MiKTeX\tex/latex/amscls\amsthm.sty
Package: amsthm 2020/05/29 v2.20.6
\thm@style=\toks23
\thm@bodyfont=\toks24
\thm@headfont=\toks25
\thm@notefont=\toks26
\thm@headpunct=\toks27
\thm@preskip=\skip57
\thm@postskip=\skip58
\thm@headsep=\skip59
\dth@everypar=\toks28
)
(C:\Users\prstu\AppData\Local\Programs\MiKTeX\tex/latex/thmtools\thmtools.sty
Package: thmtools 2023/05/04 v0.76
\thmt@toks=\toks29
\c@thmt@dummyctr=\count277

(C:\Users\prstu\AppData\Local\Programs\MiKTeX\tex/latex/thmtools\thm-patch.sty
Package: thm-patch 2023/05/04 v0.76

(C:\Users\prstu\AppData\Local\Programs\MiKTeX\tex/latex/thmtools\parseargs.sty
Package: parseargs 2023/05/04 v0.76
\@parsespec=\toks30
)) (C:\Users\prstu\AppData\Local\Programs\MiKTeX\tex/latex/thmtools\thm-kv.sty
Package: thm-kv 2023/05/04 v0.76
Package thm-kv Info: Theorem names will be uppercased on input line 42.

(C:\Users\prstu\AppData\Local\Programs\MiKTeX\tex/latex/kvsetkeys\kvsetkeys.sty
Package: kvsetkeys 2022-10-05 v1.19 Key value parser (HO)
)
Package thm-kv Info: kvsetkeys patch (v1.16 or later) on input line 158.
)
(C:\Users\prstu\AppData\Local\Programs\MiKTeX\tex/latex/thmtools\thm-autoref.st
y
Package: thm-autoref 2023/05/04 v0.76
 (C:\Users\prstu\AppData\Local\Programs\MiKTeX\tex/latex/thmtools\aliasctr.sty
Package: aliasctr 2023/05/04 v0.76
))
(C:\Users\prstu\AppData\Local\Programs\MiKTeX\tex/latex/thmtools\thm-listof.sty
Package: thm-listof 2023/05/04 v0.76
)
(C:\Users\prstu\AppData\Local\Programs\MiKTeX\tex/latex/thmtools\thm-restate.st
y
Package: thm-restate 2023/05/04 v0.76
)
(C:\Users\prstu\AppData\Local\Programs\MiKTeX\tex/latex/thmtools\thm-amsthm.sty
Package: thm-amsthm 2023/05/04 v0.76
\thmt@style@headstyle=\toks31
)) (C:\Users\prstu\AppData\Local\Programs\MiKTeX\tex/latex/xcolor\xcolor.sty
Package: xcolor 2023/11/15 v3.01 LaTeX color extensions (UK)

(C:\Users\prstu\AppData\Local\Programs\MiKTeX\tex/latex/graphics-cfg\color.cfg
File: color.cfg 2016/01/02 v1.6 sample color configuration
)
Package xcolor Info: Driver file: pdftex.def on input line 274.
(C:\Users\prstu\AppData\Local\Programs\MiKTeX\tex/latex/graphics\mathcolor.ltx)
Package xcolor Info: Model `cmy' substituted by `cmy0' on input line 1350.
Package xcolor Info: Model `hsb' substituted by `rgb' on input line 1354.
Package xcolor Info: Model `RGB' extended on input line 1366.
Package xcolor Info: Model `HTML' substituted by `rgb' on input line 1368.
Package xcolor Info: Model `Hsb' substituted by `hsb' on input line 1369.
Package xcolor Info: Model `tHsb' substituted by `hsb' on input line 1370.
Package xcolor Info: Model `HSB' substituted by `hsb' on input line 1371.
Package xcolor Info: Model `Gray' substituted by `gray' on input line 1372.
Package xcolor Info: Model `wave' substituted by `hsb' on input line 1373.
) (C:\Users\prstu\AppData\Local\Programs\MiKTeX\tex/latex/hyperref\nameref.sty
Package: nameref 2023-11-26 v2.56 Cross-referencing by name of section

(C:\Users\prstu\AppData\Local\Programs\MiKTeX\tex/latex/refcount\refcount.sty
Package: refcount 2019/12/15 v3.6 Data extraction from label references (HO)

(C:\Users\prstu\AppData\Local\Programs\MiKTeX\tex/generic/ltxcmds\ltxcmds.sty
Package: ltxcmds 2023-12-04 v1.26 LaTeX kernel commands for general use (HO)
)
(C:\Users\prstu\AppData\Local\Programs\MiKTeX\tex/generic/infwarerr\infwarerr.s
ty
Package: infwarerr 2019/12/03 v1.5 Providing info/warning/error messages (HO)
))
(C:\Users\prstu\AppData\Local\Programs\MiKTeX\tex/generic/gettitlestring\gettit
lestring.sty
Package: gettitlestring 2019/12/15 v1.6 Cleanup title references (HO)

(C:\Users\prstu\AppData\Local\Programs\MiKTeX\tex/latex/kvoptions\kvoptions.sty
Package: kvoptions 2022-06-15 v3.15 Key value format for package options (HO)
))
\c@section@level=\count278
) (C:\Users\prstu\AppData\Local\Programs\MiKTeX\tex/generic/babel\babel.sty
Package: babel 2024/01/07 v24.1 The Babel package
\babel@savecnt=\count279
\U@D=\dimen162
\l@unhyphenated=\language79

(C:\Users\prstu\AppData\Local\Programs\MiKTeX\tex/generic/babel\txtbabel.def)
\bbl@readstream=\read2
\bbl@dirlevel=\count280

*************************************
* Local config file bblopts.cfg used
*
(C:\Users\prstu\AppData\Local\Programs\MiKTeX\tex/latex/arabi\bblopts.cfg
File: bblopts.cfg 2005/09/08 v0.1 add Arabic and Farsi to "declared" options of
 babel
)
(C:\Users\prstu\AppData\Local\Programs\MiKTeX\tex/latex/babel-english\english.l
df
Language: english 2017/06/06 v3.3r English support from the babel system
Package babel Info: Hyphen rules for 'canadian' set to \l@english
(babel)             (\language0). Reported on input line 102.
Package babel Info: Hyphen rules for 'australian' set to \l@ukenglish
(babel)             (\language73). Reported on input line 105.
Package babel Info: Hyphen rules for 'newzealand' set to \l@ukenglish
(babel)             (\language73). Reported on input line 108.
))
(C:\Users\prstu\AppData\Local\Programs\MiKTeX\tex/generic/babel/locale/en\babel
-english.tex
Package babel Info: Importing font and identification data for english
(babel)             from babel-en.ini. Reported on input line 11.
)
(C:\Users\prstu\AppData\Local\Programs\MiKTeX\tex/latex/preprint\authblk.sty
Package: authblk 2001/02/27 1.3 (PWD)
\affilsep=\skip60
\@affilsep=\skip61
\c@Maxaffil=\count281
\c@authors=\count282
\c@affil=\count283
)
(C:\Users\prstu\AppData\Local\Programs\MiKTeX\tex/latex/fourier\fourier.sty
Package: fourier 2022/02/05 2.3 fourier-GUTenberg package

(C:\Users\prstu\AppData\Local\Programs\MiKTeX\tex/generic/iftex\iftex.sty
Package: iftex 2022/02/03 v1.0f TeX engine tests
)
Now handling font encoding FML ...
... no UTF-8 mapping file for font encoding FML
Now handling font encoding FMS ...
... no UTF-8 mapping file for font encoding FMS
Now handling font encoding FMX ...
... no UTF-8 mapping file for font encoding FMX

(C:\Users\prstu\AppData\Local\Programs\MiKTeX\tex/latex/base\fontenc.sty
Package: fontenc 2021/04/29 v2.0v Standard LaTeX package
LaTeX Font Info:    Trying to load font information for T1+futs on input line 1
12.

(C:\Users\prstu\AppData\Local\Programs\MiKTeX\tex/latex/fourier\t1futs.fd
File: t1futs.fd 2004/03/02 Fontinst v1.926 font definitions for T1/futs.
))
(C:\Users\prstu\AppData\Local\Programs\MiKTeX\tex/latex/base\textcomp.sty
Package: textcomp 2020/02/02 v2.0n Standard LaTeX package
)
(C:\Users\prstu\AppData\Local\Programs\MiKTeX\tex/latex/fourier\fourier-orns.st
y
Package: fourier-orns 2022/02/05 2.3 fourier-ornaments package
)
LaTeX Font Info:    Redeclaring symbol font `operators' on input line 63.
LaTeX Font Info:    Encoding `OT1' has changed to `T1' for symbol font
(Font)              `operators' in the math version `normal' on input line 63.
LaTeX Font Info:    Overwriting symbol font `operators' in version `normal'
(Font)                  OT1/cmr/m/n --> T1/futs/m/n on input line 63.
LaTeX Font Info:    Encoding `OT1' has changed to `T1' for symbol font
(Font)              `operators' in the math version `bold' on input line 63.
LaTeX Font Info:    Overwriting symbol font `operators' in version `bold'
(Font)                  OT1/cmr/bx/n --> T1/futs/m/n on input line 63.
LaTeX Font Info:    Overwriting symbol font `operators' in version `bold'
(Font)                  T1/futs/m/n --> T1/futs/b/n on input line 64.
LaTeX Font Info:    Redeclaring symbol font `letters' on input line 72.
LaTeX Font Info:    Encoding `OML' has changed to `FML' for symbol font
(Font)              `letters' in the math version `normal' on input line 72.
LaTeX Font Info:    Overwriting symbol font `letters' in version `normal'
(Font)                  OML/cmm/m/it --> FML/futmi/m/it on input line 72.
LaTeX Font Info:    Encoding `OML' has changed to `FML' for symbol font
(Font)              `letters' in the math version `bold' on input line 72.
LaTeX Font Info:    Overwriting symbol font `letters' in version `bold'
(Font)                  OML/cmm/b/it --> FML/futmi/m/it on input line 72.
\symotherletters=\mathgroup6
LaTeX Font Info:    Overwriting symbol font `letters' in version `bold'
(Font)                  FML/futmi/m/it --> FML/futmi/b/it on input line 74.
LaTeX Font Info:    Overwriting symbol font `otherletters' in version `bold'
(Font)                  FML/futm/m/it --> FML/futm/b/it on input line 75.
LaTeX Font Info:    Redeclaring math symbol \Gamma on input line 76.
LaTeX Font Info:    Redeclaring math symbol \Delta on input line 77.
LaTeX Font Info:    Redeclaring math symbol \Theta on input line 78.
LaTeX Font Info:    Redeclaring math symbol \Lambda on input line 79.
LaTeX Font Info:    Redeclaring math symbol \Xi on input line 80.
LaTeX Font Info:    Redeclaring math symbol \Pi on input line 81.
LaTeX Font Info:    Redeclaring math symbol \Sigma on input line 82.
LaTeX Font Info:    Redeclaring math symbol \Upsilon on input line 83.
LaTeX Font Info:    Redeclaring math symbol \Phi on input line 84.
LaTeX Font Info:    Redeclaring math symbol \Psi on input line 85.
LaTeX Font Info:    Redeclaring math symbol \Omega on input line 86.
LaTeX Font Info:    Redeclaring symbol font `symbols' on input line 126.
LaTeX Font Info:    Encoding `OMS' has changed to `FMS' for symbol font
(Font)              `symbols' in the math version `normal' on input line 126.
LaTeX Font Info:    Overwriting symbol font `symbols' in version `normal'
(Font)                  OMS/cmsy/m/n --> FMS/futm/m/n on input line 126.
LaTeX Font Info:    Encoding `OMS' has changed to `FMS' for symbol font
(Font)              `symbols' in the math version `bold' on input line 126.
LaTeX Font Info:    Overwriting symbol font `symbols' in version `bold'
(Font)                  OMS/cmsy/b/n --> FMS/futm/m/n on input line 126.
LaTeX Font Info:    Redeclaring symbol font `largesymbols' on input line 127.
LaTeX Font Info:    Encoding `OMX' has changed to `FMX' for symbol font
(Font)              `largesymbols' in the math version `normal' on input line 1
27.
LaTeX Font Info:    Overwriting symbol font `largesymbols' in version `normal'
(Font)                  OMX/cmex/m/n --> FMX/futm/m/n on input line 127.
LaTeX Font Info:    Encoding `OMX' has changed to `FMX' for symbol font
(Font)              `largesymbols' in the math version `bold' on input line 127
.
LaTeX Font Info:    Overwriting symbol font `largesymbols' in version `bold'
(Font)                  OMX/cmex/m/n --> FMX/futm/m/n on input line 127.
LaTeX Font Info:    Redeclaring math alphabet \mathbf on input line 128.
LaTeX Font Info:    Overwriting math alphabet `\mathbf' in version `normal'
(Font)                  OT1/cmr/bx/n --> T1/futs/bx/n on input line 128.
LaTeX Font Info:    Overwriting math alphabet `\mathbf' in version `bold'
(Font)                  OT1/cmr/bx/n --> T1/futs/bx/n on input line 128.
LaTeX Font Info:    Redeclaring math alphabet \mathrm on input line 129.
LaTeX Font Info:    Redeclaring math alphabet \mathit on input line 130.
LaTeX Font Info:    Overwriting math alphabet `\mathit' in version `normal'
(Font)                  OT1/cmr/m/it --> T1/futs/m/it on input line 130.
LaTeX Font Info:    Overwriting math alphabet `\mathit' in version `bold'
(Font)                  OT1/cmr/bx/it --> T1/futs/m/it on input line 130.
LaTeX Font Info:    Redeclaring math alphabet \mathcal on input line 131.
LaTeX Font Info:    Redeclaring math symbol \varkappa on input line 132.
LaTeX Font Info:    Redeclaring math symbol \leqslant on input line 138.
LaTeX Font Info:    Redeclaring math symbol \geqslant on input line 139.
LaTeX Font Info:    Redeclaring math symbol \vDash on input line 142.
LaTeX Font Info:    Redeclaring math symbol \blacktriangleleft on input line 14
3.
LaTeX Font Info:    Redeclaring math symbol \blacktriangleright on input line 1
44.
LaTeX Font Info:    Redeclaring math symbol \nleqslant on input line 145.
LaTeX Font Info:    Redeclaring math symbol \ngeqslant on input line 146.
LaTeX Font Info:    Redeclaring math symbol \parallel on input line 147.
LaTeX Font Info:    Redeclaring math symbol \nparallel on input line 148.
LaTeX Font Info:    Redeclaring math symbol \nvDash on input line 150.
LaTeX Font Info:    Redeclaring math symbol \intercal on input line 151.
LaTeX Font Info:    Redeclaring math symbol \hslash on input line 152.
LaTeX Font Info:    Redeclaring math symbol \nexists on input line 153.
LaTeX Font Info:    Redeclaring math symbol \complement on input line 154.
LaTeX Font Info:    Redeclaring math symbol \varsubsetneq on input line 155.
LaTeX Font Info:    Redeclaring math symbol \hbar on input line 161.
LaTeX Font Info:    Redeclaring math symbol \smallsetminus on input line 162.
LaTeX Font Info:    Redeclaring math symbol \subsetneqq on input line 163.
LaTeX Font Info:    Redeclaring math symbol \rightrightarrows on input line 164
.
LaTeX Font Info:    Redeclaring math symbol \leftleftarrows on input line 165.
LaTeX Font Info:    Redeclaring math symbol \square on input line 166.
LaTeX Font Info:    Redeclaring math symbol \curvearrowleft on input line 167.
LaTeX Font Info:    Redeclaring math symbol \curvearrowright on input line 168.

LaTeX Font Info:    Redeclaring math symbol \blacksquare on input line 169.
LaTeX Font Info:    Redeclaring math symbol \varkappa on input line 199.
LaTeX Font Info:    Redeclaring math symbol \varvarrho on input line 200.
LaTeX Font Info:    Redeclaring math delimiter \Vert on input line 223.
LaTeX Font Info:    Redeclaring math delimiter \vert on input line 228.
LaTeX Font Info:    Redeclaring math delimiter \lvert on input line 230.
LaTeX Font Info:    Redeclaring math delimiter \rvert on input line 232.
LaTeX Font Info:    Redeclaring math delimiter \lVert on input line 234.
LaTeX Font Info:    Redeclaring math delimiter \rVert on input line 236.
LaTeX Font Info:    Redeclaring math delimiter \Downarrow on input line 238.
LaTeX Font Info:    Redeclaring math delimiter \backslash on input line 240.
LaTeX Font Info:    Redeclaring math delimiter \rangle on input line 242.
LaTeX Font Info:    Redeclaring math delimiter \langle on input line 244.
LaTeX Font Info:    Redeclaring math delimiter \rbrace on input line 246.
LaTeX Font Info:    Redeclaring math delimiter \lbrace on input line 248.
LaTeX Font Info:    Redeclaring math delimiter \rceil on input line 250.
LaTeX Font Info:    Redeclaring math delimiter \lceil on input line 252.
LaTeX Font Info:    Redeclaring math delimiter \rfloor on input line 254.
LaTeX Font Info:    Redeclaring math delimiter \lfloor on input line 256.
LaTeX Font Info:    Redeclaring math accent \acute on input line 260.
LaTeX Font Info:    Redeclaring math accent \grave on input line 261.
LaTeX Font Info:    Redeclaring math accent \ddot on input line 262.
LaTeX Font Info:    Redeclaring math accent \tilde on input line 263.
LaTeX Font Info:    Redeclaring math accent \bar on input line 264.
LaTeX Font Info:    Redeclaring math accent \breve on input line 265.
LaTeX Font Info:    Redeclaring math accent \check on input line 266.
LaTeX Font Info:    Redeclaring math accent \hat on input line 267.
LaTeX Font Info:    Redeclaring math accent \dot on input line 268.
LaTeX Font Info:    Redeclaring math accent \mathring on input line 269.
\symUfutm=\mathgroup7
)
(C:\Users\prstu\AppData\Local\Programs\MiKTeX\tex/latex/tools\indentfirst.sty
Package: indentfirst 2023/07/02 v1.03 Indent first paragraph (DPC)
)
(C:\Users\prstu\AppData\Local\Programs\MiKTeX\tex/latex/float\float.sty
Package: float 2001/11/08 v1.3d Float enhancements (AL)
\c@float@type=\count284
\float@exts=\toks32
\float@box=\box54
\@float@everytoks=\toks33
\@floatcapt=\box55
)
(C:\Users\prstu\AppData\Local\Programs\MiKTeX\tex/latex/booktabs\booktabs.sty
Package: booktabs 2020/01/12 v1.61803398 Publication quality tables
\heavyrulewidth=\dimen163
\lightrulewidth=\dimen164
\cmidrulewidth=\dimen165
\belowrulesep=\dimen166
\belowbottomsep=\dimen167
\aboverulesep=\dimen168
\abovetopsep=\dimen169
\cmidrulesep=\dimen170
\cmidrulekern=\dimen171
\defaultaddspace=\dimen172
\@cmidla=\count285
\@cmidlb=\count286
\@aboverulesep=\dimen173
\@belowrulesep=\dimen174
\@thisruleclass=\count287
\@lastruleclass=\count288
\@thisrulewidth=\dimen175
)
(C:\Users\prstu\AppData\Local\Programs\MiKTeX\tex/latex/hyperref\hyperref.sty
Package: hyperref 2023-11-26 v7.01g Hypertext links for LaTeX

(C:\Users\prstu\AppData\Local\Programs\MiKTeX\tex/generic/kvdefinekeys\kvdefine
keys.sty
Package: kvdefinekeys 2019-12-19 v1.6 Define keys (HO)
)
(C:\Users\prstu\AppData\Local\Programs\MiKTeX\tex/generic/pdfescape\pdfescape.s
ty
Package: pdfescape 2019/12/09 v1.15 Implements pdfTeX's escape features (HO)

(C:\Users\prstu\AppData\Local\Programs\MiKTeX\tex/generic/pdftexcmds\pdftexcmds
.sty
Package: pdftexcmds 2020-06-27 v0.33 Utility functions of pdfTeX for LuaTeX (HO
)
Package pdftexcmds Info: \pdf@primitive is available.
Package pdftexcmds Info: \pdf@ifprimitive is available.
Package pdftexcmds Info: \pdfdraftmode found.
))
(C:\Users\prstu\AppData\Local\Programs\MiKTeX\tex/latex/hycolor\hycolor.sty
Package: hycolor 2020-01-27 v1.10 Color options for hyperref/bookmark (HO)
)
(C:\Users\prstu\AppData\Local\Programs\MiKTeX\tex/latex/letltxmacro\letltxmacro
.sty
Package: letltxmacro 2019/12/03 v1.6 Let assignment for LaTeX macros (HO)
)
(C:\Users\prstu\AppData\Local\Programs\MiKTeX\tex/latex/auxhook\auxhook.sty
Package: auxhook 2019-12-17 v1.6 Hooks for auxiliary files (HO)
)
(C:\Users\prstu\AppData\Local\Programs\MiKTeX\tex/latex/etoolbox\etoolbox.sty
Package: etoolbox 2020/10/05 v2.5k e-TeX tools for LaTeX (JAW)
\etb@tempcnta=\count289
)
\@linkdim=\dimen176
\Hy@linkcounter=\count290
\Hy@pagecounter=\count291

(C:\Users\prstu\AppData\Local\Programs\MiKTeX\tex/latex/hyperref\pd1enc.def
File: pd1enc.def 2023-11-26 v7.01g Hyperref: PDFDocEncoding definition (HO)
Now handling font encoding PD1 ...
... no UTF-8 mapping file for font encoding PD1
)
(C:\Users\prstu\AppData\Local\Programs\MiKTeX\tex/generic/intcalc\intcalc.sty
Package: intcalc 2019/12/15 v1.3 Expandable calculations with integers (HO)
)
\Hy@SavedSpaceFactor=\count292

(C:\Users\prstu\AppData\Local\Programs\MiKTeX\tex/latex/hyperref\puenc.def
File: puenc.def 2023-11-26 v7.01g Hyperref: PDF Unicode definition (HO)
Now handling font encoding PU ...
... no UTF-8 mapping file for font encoding PU
)
Package hyperref Info: Option `colorlinks' set `true' on input line 4064.
Package hyperref Info: Hyper figures OFF on input line 4181.
Package hyperref Info: Link nesting OFF on input line 4186.
Package hyperref Info: Hyper index ON on input line 4189.
Package hyperref Info: Plain pages OFF on input line 4196.
Package hyperref Info: Backreferencing OFF on input line 4201.
Package hyperref Info: Implicit mode ON; LaTeX internals redefined.
Package hyperref Info: Bookmarks ON on input line 4448.
\c@Hy@tempcnt=\count293

(C:\Users\prstu\AppData\Local\Programs\MiKTeX\tex/latex/url\url.sty
\Urlmuskip=\muskip17
Package: url 2013/09/16  ver 3.4  Verb mode for urls, etc.
)
LaTeX Info: Redefining \url on input line 4786.
\XeTeXLinkMargin=\dimen177

(C:\Users\prstu\AppData\Local\Programs\MiKTeX\tex/generic/bitset\bitset.sty
Package: bitset 2019/12/09 v1.3 Handle bit-vector datatype (HO)

(C:\Users\prstu\AppData\Local\Programs\MiKTeX\tex/generic/bigintcalc\bigintcalc
.sty
Package: bigintcalc 2019/12/15 v1.5 Expandable calculations on big integers (HO
)
))
\Fld@menulength=\count294
\Field@Width=\dimen178
\Fld@charsize=\dimen179
Package hyperref Info: Hyper figures OFF on input line 6065.
Package hyperref Info: Link nesting OFF on input line 6070.
Package hyperref Info: Hyper index ON on input line 6073.
Package hyperref Info: backreferencing OFF on input line 6080.
Package hyperref Info: Link coloring ON on input line 6083.
Package hyperref Info: Link coloring with OCG OFF on input line 6090.
Package hyperref Info: PDF/A mode OFF on input line 6095.

(C:\Users\prstu\AppData\Local\Programs\MiKTeX\tex/latex/base\atbegshi-ltx.sty
Package: atbegshi-ltx 2021/01/10 v1.0c Emulation of the original atbegshi
package with kernel methods
)
\Hy@abspage=\count295
\c@Item=\count296
\c@Hfootnote=\count297
)
Package hyperref Info: Driver (autodetected): hpdftex.
(C:\Users\prstu\AppData\Local\Programs\MiKTeX\tex/latex/hyperref\hpdftex.def
File: hpdftex.def 2023-11-26 v7.01g Hyperref driver for pdfTeX

(C:\Users\prstu\AppData\Local\Programs\MiKTeX\tex/latex/base\atveryend-ltx.sty
Package: atveryend-ltx 2020/08/19 v1.0a Emulation of the original atveryend pac
kage
with kernel methods
)
\Fld@listcount=\count298
\c@bookmark@seq@number=\count299

(C:\Users\prstu\AppData\Local\Programs\MiKTeX\tex/latex/rerunfilecheck\rerunfil
echeck.sty
Package: rerunfilecheck 2022-07-10 v1.10 Rerun checks for auxiliary files (HO)

(C:\Users\prstu\AppData\Local\Programs\MiKTeX\tex/generic/uniquecounter\uniquec
ounter.sty
Package: uniquecounter 2019/12/15 v1.4 Provide unlimited unique counter (HO)
)
Package uniquecounter Info: New unique counter `rerunfilecheck' on input line 2
85.
)
\Hy@SectionHShift=\skip62
)
(C:\Users\prstu\AppData\Local\Programs\MiKTeX\tex/latex/l3backend\l3backend-pdf
tex.def
File: l3backend-pdftex.def 2024-01-04 L3 backend support: PDF output (pdfTeX)
\l__color_backend_stack_int=\count300
\l__pdf_internal_box=\box56
) (document.aux)
\openout1 = `document.aux'.

LaTeX Font Info:    Checking defaults for OML/cmm/m/it on input line 19.
LaTeX Font Info:    ... okay on input line 19.
LaTeX Font Info:    Checking defaults for OMS/cmsy/m/n on input line 19.
LaTeX Font Info:    ... okay on input line 19.
LaTeX Font Info:    Checking defaults for OT1/cmr/m/n on input line 19.
LaTeX Font Info:    ... okay on input line 19.
LaTeX Font Info:    Checking defaults for T1/cmr/m/n on input line 19.
LaTeX Font Info:    ... okay on input line 19.
LaTeX Font Info:    Checking defaults for TS1/cmr/m/n on input line 19.
LaTeX Font Info:    ... okay on input line 19.
LaTeX Font Info:    Checking defaults for OMX/cmex/m/n on input line 19.
LaTeX Font Info:    ... okay on input line 19.
LaTeX Font Info:    Checking defaults for U/cmr/m/n on input line 19.
LaTeX Font Info:    ... okay on input line 19.
LaTeX Font Info:    Checking defaults for FML/futm/m/it on input line 19.
LaTeX Font Info:    Trying to load font information for FML+futm on input line 
19.

(C:\Users\prstu\AppData\Local\Programs\MiKTeX\tex/latex/fourier\fmlfutm.fd
File: fmlfutm.fd 2004/10/30 Fontinst v1.926 font definitions for FML/futm.
)
LaTeX Font Info:    ... okay on input line 19.
LaTeX Font Info:    Checking defaults for FMS/futm/m/n on input line 19.
LaTeX Font Info:    Trying to load font information for FMS+futm on input line 
19.

(C:\Users\prstu\AppData\Local\Programs\MiKTeX\tex/latex/fourier\fmsfutm.fd
File: fmsfutm.fd 2004/10/30 Fontinst v1.926 font definitions for FMS/futm.
)
LaTeX Font Info:    ... okay on input line 19.
LaTeX Font Info:    Checking defaults for FMX/futm/m/n on input line 19.
LaTeX Font Info:    Trying to load font information for FMX+futm on input line 
19.

(C:\Users\prstu\AppData\Local\Programs\MiKTeX\tex/latex/fourier\fmxfutm.fd
File: fmxfutm.fd futm-extension
)
LaTeX Font Info:    ... okay on input line 19.
LaTeX Font Info:    Checking defaults for PD1/pdf/m/n on input line 19.
LaTeX Font Info:    ... okay on input line 19.
LaTeX Font Info:    Checking defaults for PU/pdf/m/n on input line 19.
LaTeX Font Info:    ... okay on input line 19.

(C:\Users\prstu\AppData\Local\Programs\MiKTeX\tex/context/base/mkii\supp-pdf.mk
ii
[Loading MPS to PDF converter (version 2006.09.02).]
\scratchcounter=\count301
\scratchdimen=\dimen180
\scratchbox=\box57
\nofMPsegments=\count302
\nofMParguments=\count303
\everyMPshowfont=\toks34
\MPscratchCnt=\count304
\MPscratchDim=\dimen181
\MPnumerator=\count305
\makeMPintoPDFobject=\count306
\everyMPtoPDFconversion=\toks35
)
(C:\Users\prstu\AppData\Local\Programs\MiKTeX\tex/latex/epstopdf-pkg\epstopdf-b
ase.sty
Package: epstopdf-base 2020-01-24 v2.11 Base part for package epstopdf
Package epstopdf-base Info: Redefining graphics rule for `.eps' on input line 4
85.

(C:\Users\prstu\AppData\Local\Programs\MiKTeX\tex/latex/00miktex\epstopdf-sys.c
fg
File: epstopdf-sys.cfg 2021/03/18 v2.0 Configuration of epstopdf for MiKTeX
))
LaTeX Font Info:    Redeclaring math accent \widehat on input line 19.
LaTeX Font Info:    Redeclaring math accent \widetilde on input line 19.
Package hyperref Info: Link coloring ON on input line 19.
 (document.out) (document.out)
\@outlinefile=\write3
\openout3 = `document.out'.

LaTeX Font Info:    Trying to load font information for FML+futmi on input line
 30.

(C:\Users\prstu\AppData\Local\Programs\MiKTeX\tex/latex/fourier\fmlfutmi.fd
File: fmlfutmi.fd 2004/10/30 Fontinst v1.926 font definitions for FML/futmi.
)
LaTeX Font Info:    Font shape `FMX/futm/m/n' will be
(Font)              scaled to size 10.07397pt on input line 30.
LaTeX Font Info:    Font shape `FMX/futm/m/n' will be
(Font)              scaled to size 7.63599pt on input line 30.
LaTeX Font Info:    Font shape `FMX/futm/m/n' will be
(Font)              scaled to size 5.51999pt on input line 30.
LaTeX Font Info:    Trying to load font information for U+msa on input line 30.


(C:\Users\prstu\AppData\Local\Programs\MiKTeX\tex/latex/amsfonts\umsa.fd
File: umsa.fd 2013/01/14 v3.01 AMS symbols A
)
LaTeX Font Info:    Trying to load font information for U+msb on input line 30.


(C:\Users\prstu\AppData\Local\Programs\MiKTeX\tex/latex/amsfonts\umsb.fd
File: umsb.fd 2013/01/14 v3.01 AMS symbols B
)
LaTeX Font Info:    Font shape `U/futm/m/n' will be
(Font)              scaled to size 10.07397pt on input line 30.
LaTeX Font Info:    Font shape `U/futm/m/n' will be
(Font)              scaled to size 7.63599pt on input line 30.
LaTeX Font Info:    Font shape `U/futm/m/n' will be
(Font)              scaled to size 5.51999pt on input line 30.

Underfull \hbox (badness 10000) in paragraph at lines 30--31

 []


Overfull \hbox (15.17735pt too wide) detected at line 66
[] \FMS/futm/m/n/10.95 Å \T1/futs/m/n/10.95 0  \FMS/futm/m/n/10.95 Å[])  \FML/f
utmi/m/it/10.95 ^^^ \T1/futs/m/n/10.95 (\FML/futmi/m/it/10.95 v \FMS/futm/m/n/1
0.95 Ä \FML/futmi/m/it/10.95 a \FMS/futm/m/n/10.95 ^^@ \FML/futmi/m/it/10.95 b 
w\T1/futs/m/n/10.95 ) \FMS/futm/m/n/10.95 Å \T1/futs/m/n/10.95 0  \FMS/futm/m/n
/10.95 Å[])  \FML/futmi/m/it/10.95 v \FMS/futm/m/n/10.95 Ä \FML/futmi/m/it/10.9
5 a \FMS/futm/m/n/10.95 ^^@ \FML/futmi/m/it/10.95 b w \FMS/futm/m/n/10.95 Å \T1
/futs/m/n/10.95 0  \FMS/futm/m/n/10.95 Å[])  [] []
 []

<../figures/ex_1a.png, id=4, 578.16pt x 433.62pt>
File: ../figures/ex_1a.png Graphic file (type png)
<use ../figures/ex_1a.png>
Package pdftex.def Info: ../figures/ex_1a.png  used on input line 70.
(pdftex.def)             Requested size: 312.9803pt x 234.73357pt.
[1

{C:/Users/prstu/AppData/Local/MiKTeX/fonts/map/pdftex/pdftex.map}{C:/Users/prst
u/AppData/Local/Programs/MiKTeX/fonts/enc/dvips/base/8r.enc}]
Underfull \hbox (badness 10000) in paragraph at lines 74--75

 []


Underfull \hbox (badness 10000) in paragraph at lines 85--87

 []


Underfull \hbox (badness 10000) in paragraph at lines 85--87

 []

[2 <../figures/ex_1a.png>]
Underfull \hbox (badness 10000) in paragraph at lines 112--113

 []

[3]
Overfull \hbox (13.50352pt too wide) in paragraph at lines 198--199
\T1/futs/b/n/10.95 (d) \T1/futs/m/n/10.95 Para anal-isar o tipo de es-ta-bil-i-
dade de um dado ponto de equi-lÌbrio, È necess·rio
 []


Underfull \hbox (badness 10000) in paragraph at lines 223--225

 []

[4]
Underfull \hbox (badness 10000) in paragraph at lines 299--300

 []

[5]
Overfull \hbox (20.69246pt too wide) in paragraph at lines 372--373
[]\T1/futs/m/n/10.95 Quando os dois au-to-val-ores forem pu-ra-mente imag-in·ri
os, isto È, forem n˙meros
 []


Underfull \hbox (badness 10000) in paragraph at lines 376--377

 []

[6]
Underfull \hbox (badness 10000) in paragraph at lines 413--414

 []


Underfull \hbox (badness 10000) in paragraph at lines 415--416

 []

[7]
LaTeX Font Info:    Trying to load font information for TS1+futs on input line 
450.
 (C:\Users\prstu\AppData\Local\Programs\MiKTeX\tex/latex/fourier\ts1futs.fd
File: ts1futs.fd 2003/09/14 Fontinst v1.801 font definitions for TS1/futs.
)
Underfull \hbox (badness 10000) in paragraph at lines 450--451

 []

[8]
<../figures/ex_1h_1.png, id=49, 643.203pt x 353.1594pt>
File: ../figures/ex_1h_1.png Graphic file (type png)
<use ../figures/ex_1h_1.png>
Package pdftex.def Info: ../figures/ex_1h_1.png  used on input line 456.
(pdftex.def)             Requested size: 312.9803pt x 171.8479pt.
<../figures/ex_1h_2.png, id=50, 643.203pt x 353.1594pt>
File: ../figures/ex_1h_2.png Graphic file (type png)
<use ../figures/ex_1h_2.png>
Package pdftex.def Info: ../figures/ex_1h_2.png  used on input line 462.
(pdftex.def)             Requested size: 312.9803pt x 171.8479pt.
 [9 <../figures/ex_1h_1.png>]
<../figures/ex_1h_3.png, id=57, 534.798pt x 497.6994pt>
File: ../figures/ex_1h_3.png Graphic file (type png)
<use ../figures/ex_1h_3.png>
Package pdftex.def Info: ../figures/ex_1h_3.png  used on input line 468.
(pdftex.def)             Requested size: 312.9803pt x 291.27069pt.

Underfull \hbox (badness 10000) in paragraph at lines 472--473

 []

[10 <../figures/ex_1h_2.png> <../figures/ex_1h_3.png>]
LaTeX Font Info:    Font shape `T1/futs/bx/n' in size <10.95> not available
(Font)              Font shape `T1/futs/b/n' tried instead on input line 492.
LaTeX Font Info:    Font shape `T1/futs/bx/n' in size <8.3> not available
(Font)              Font shape `T1/futs/b/n' tried instead on input line 492.
LaTeX Font Info:    Font shape `T1/futs/bx/n' in size <6> not available
(Font)              Font shape `T1/futs/b/n' tried instead on input line 492.

Underfull \hbox (badness 10000) in paragraph at lines 512--514

 []


Underfull \hbox (badness 10000) in paragraph at lines 512--514

 []

LaTeX Font Info:    Trying to load font information for T1+cmtt on input line 5
16.
(C:\Users\prstu\AppData\Local\Programs\MiKTeX\tex/latex/base\t1cmtt.fd
File: t1cmtt.fd 2023/04/13 v2.5m Standard LaTeX font definitions
)
Overfull \hbox (5.66342pt too wide) in paragraph at lines 516--517
\T1/futs/b/n/10.95 (j) \T1/futs/m/n/10.95 Use o seu pro-grama para sim-u-lar as
 equaÁıes do mod-elo de FitzHugh-Nagumo
 []


Overfull \hbox (13.0933pt too wide) in paragraph at lines 516--517
\T1/futs/m/n/10.95 na Schol-ar-pe-dia ([][]$\T1/cmtt/m/n/10.95 http : / / www .
 scholarpedia . org / article / FitzHugh-[]Nagumo _
 []


Underfull \hbox (badness 10000) in paragraph at lines 516--517

 []

<../figures/ex_1j_I1.0_1.png, id=67, 643.203pt x 353.1594pt>
File: ../figures/ex_1j_I1.0_1.png Graphic file (type png)
<use ../figures/ex_1j_I1.0_1.png>
Package pdftex.def Info: ../figures/ex_1j_I1.0_1.png  used on input line 522.
(pdftex.def)             Requested size: 312.9803pt x 171.8479pt.
[11]
<../figures/ex_1j_I1.0_2.png, id=74, 643.203pt x 353.1594pt>
File: ../figures/ex_1j_I1.0_2.png Graphic file (type png)
<use ../figures/ex_1j_I1.0_2.png>
Package pdftex.def Info: ../figures/ex_1j_I1.0_2.png  used on input line 528.
(pdftex.def)             Requested size: 312.9803pt x 171.8479pt.
<../figures/ex_1j_I1.0_3.png, id=75, 534.798pt x 497.6994pt>
File: ../figures/ex_1j_I1.0_3.png Graphic file (type png)
<use ../figures/ex_1j_I1.0_3.png>
Package pdftex.def Info: ../figures/ex_1j_I1.0_3.png  used on input line 534.
(pdftex.def)             Requested size: 312.9803pt x 291.27069pt.
 [12 <../figures/ex_1j_I1.0_1.png> <../figures/ex_1j_I1.0_2.png>]
<../figures/ex_1j_I1.5_1.png, id=84, 643.203pt x 353.1594pt>
File: ../figures/ex_1j_I1.5_1.png Graphic file (type png)
<use ../figures/ex_1j_I1.5_1.png>
Package pdftex.def Info: ../figures/ex_1j_I1.5_1.png  used on input line 540.
(pdftex.def)             Requested size: 312.9803pt x 171.8479pt.
<../figures/ex_1j_I1.5_2.png, id=85, 643.203pt x 353.1594pt>
File: ../figures/ex_1j_I1.5_2.png Graphic file (type png)
<use ../figures/ex_1j_I1.5_2.png>
Package pdftex.def Info: ../figures/ex_1j_I1.5_2.png  used on input line 546.
(pdftex.def)             Requested size: 312.9803pt x 171.8479pt.
 [13 <../figures/ex_1j_I1.0_3.png> <../figures/ex_1j_I1.5_1.png>]
<../figures/ex_1j_I1.5_3.png, id=95, 534.798pt x 497.6994pt>
File: ../figures/ex_1j_I1.5_3.png Graphic file (type png)
<use ../figures/ex_1j_I1.5_3.png>
Package pdftex.def Info: ../figures/ex_1j_I1.5_3.png  used on input line 552.
(pdftex.def)             Requested size: 312.9803pt x 291.27069pt.
 [14 <../figures/ex_1j_I1.5_2.png> <../figures/ex_1j_I1.5_3.png>]
Overfull \hbox (8.50035pt too wide) in paragraph at lines 566--571
[]$[]$\T1/futs/m/n/10.95 . Com $\FML/futmi/m/it/10.95 I$ \T1/futs/m/n/10.95 mai
or, o equi-
 []


Underfull \hbox (badness 10000) in paragraph at lines 573--575

 []


Underfull \hbox (badness 10000) in paragraph at lines 573--575

 []


Underfull \hbox (badness 10000) in paragraph at lines 577--578

 []

<../figures/ex_1k.png, id=104, 570.933pt x 353.1594pt>
File: ../figures/ex_1k.png Graphic file (type png)
<use ../figures/ex_1k.png>
Package pdftex.def Info: ../figures/ex_1k.png  used on input line 583.
(pdftex.def)             Requested size: 312.9803pt x 193.60237pt.
[15]
Underfull \hbox (badness 10000) in paragraph at lines 587--588

 []


Underfull \hbox (badness 10000) in paragraph at lines 587--588

 []


Underfull \hbox (badness 10000) in paragraph at lines 591--592

 []

[16 <../figures/ex_1k.png>]
Overfull \hbox (15.8152pt too wide) detected at line 637
[] \FMS/futm/m/n/10.95 Å \T1/futs/m/n/10.95 1\FML/futmi/m/it/10.95 :\T1/futs/m/
n/10.95 1\FML/futmi/m/it/10.95 ;  [] \FMS/futm/m/n/10.95 Å \T1/futs/m/n/10.95 2
\FML/futmi/m/it/10.95 :\T1/futs/m/n/10.95 0\FML/futmi/m/it/10.95 ;  [] \FMS/fut
m/m/n/10.95 Å \T1/futs/m/n/10.95 0\FML/futmi/m/it/10.95 :\T1/futs/m/n/10.95 5\F
ML/futmi/m/it/10.95 ;  E[] \FMS/futm/m/n/10.95 Å \T1/futs/m/n/10.95 100 []\FML/
futmi/m/it/10.95 ;  E[] \FMS/futm/m/n/10.95 Å ^^@\T1/futs/m/n/10.95 70 []\FML/f
utmi/m/it/10.95 ;  E[] \FMS/futm/m/n/10.95 Å ^^@\T1/futs/m/n/10.95 50 []\FML/fu
tmi/m/it/10.95 ;  C[] \FMS/futm/m/n/10.95 Å \T1/futs/m/n/10.95 1\FML/futmi/m/it
/10.95 ;
 []


Overfull \hbox (9.59972pt too wide) in paragraph at lines 658--665
\T1/futs/m/n/10.95 com $\FML/futmi/m/it/10.95 m[]\T1/futs/m/n/10.95 (\FML/futmi
/m/it/10.95 V\T1/futs/m/n/10.95 ) \FMS/futm/m/n/10.95 Å [] [][] []\T1/futs/m/n/
10.95 (\FML/futmi/m/it/10.95 V \FMS/futm/m/n/10.95 Ä \T1/futs/m/n/10.95 1)/15[]
\FML/futmi/m/it/10.95 ;  n[]\T1/futs/m/n/10.95 (\FML/futmi/m/it/10.95 V\T1/futs
/m/n/10.95 ) \FMS/futm/m/n/10.95 Å [] [][] \T1/futs/m/n/10.95 (\FML/futmi/m/it/
10.95 V\T1/futs/m/n/10.95 /30)\FML/futmi/m/it/10.95 :$ \T1/futs/m/n/10.95 Avali
ando em $(\FML/futmi/m/it/10.95 V[]; n[]\T1/futs/m/n/10.95 )$
 []

<../figures/ex_2a.png, id=115, 520.344pt x 375.804pt>
File: ../figures/ex_2a.png Graphic file (type png)
<use ../figures/ex_2a.png>
Package pdftex.def Info: ../figures/ex_2a.png  used on input line 672.
(pdftex.def)             Requested size: 312.9803pt x 226.05183pt.

Underfull \hbox (badness 10000) in paragraph at lines 677--678

 []

[17 <../figures/ex_2a.png>]
<../figures/ex_2b_1.png, id=122, 650.43pt x 361.35pt>
File: ../figures/ex_2b_1.png Graphic file (type png)
<use ../figures/ex_2b_1.png>
Package pdftex.def Info: ../figures/ex_2b_1.png  used on input line 683.
(pdftex.def)             Requested size: 312.9803pt x 173.8816pt.
<../figures/ex_2b_2.png, id=123, 650.43pt x 361.35pt>
File: ../figures/ex_2b_2.png Graphic file (type png)
<use ../figures/ex_2b_2.png>
Package pdftex.def Info: ../figures/ex_2b_2.png  used on input line 689.
(pdftex.def)             Requested size: 312.9803pt x 173.8816pt.
 [18 <../figures/ex_2b_1.png>]
<../figures/ex_2b_3.png, id=130, 520.344pt x 375.804pt>
File: ../figures/ex_2b_3.png Graphic file (type png)
<use ../figures/ex_2b_3.png>
Package pdftex.def Info: ../figures/ex_2b_3.png  used on input line 695.
(pdftex.def)             Requested size: 312.9803pt x 226.05183pt.

Underfull \hbox (badness 10000) in paragraph at lines 699--700

 []

[19 <../figures/ex_2b_2.png> <../figures/ex_2b_3.png>]
<../figures/ex_2c_fI.png, id=140, 570.933pt x 353.1594pt>
File: ../figures/ex_2c_fI.png Graphic file (type png)
<use ../figures/ex_2c_fI.png>
Package pdftex.def Info: ../figures/ex_2c_fI.png  used on input line 705.
(pdftex.def)             Requested size: 312.9803pt x 193.60237pt.
<../figures/ex_2c_Vt.png, id=141, 643.203pt x 353.1594pt>
File: ../figures/ex_2c_Vt.png Graphic file (type png)
<use ../figures/ex_2c_Vt.png>
Package pdftex.def Info: ../figures/ex_2c_Vt.png  used on input line 711.
(pdftex.def)             Requested size: 312.9803pt x 171.8479pt.
<../figures/ex_2c_phase_J24p8.png, id=142, 513.117pt x 439.6425pt>
File: ../figures/ex_2c_phase_J24p8.png Graphic file (type png)
<use ../figures/ex_2c_phase_J24p8.png>
Package pdftex.def Info: ../figures/ex_2c_phase_J24p8.png  used on input line 7
17.
(pdftex.def)             Requested size: 312.9803pt x 268.17482pt.
 [20 <../figures/ex_2c_fI.png> <../figures/ex_2c_Vt.png>]
<../figures/ex_2c_phase_J25p0.png, id=151, 513.117pt x 439.6425pt>
File: ../figures/ex_2c_phase_J25p0.png Graphic file (type png)
<use ../figures/ex_2c_phase_J25p0.png>
Package pdftex.def Info: ../figures/ex_2c_phase_J25p0.png  used on input line 7
23.
(pdftex.def)             Requested size: 312.9803pt x 268.17482pt.
 [21 <../figures/ex_2c_phase_J24p8.png>]
Overfull \hbox (5.50482pt too wide) in paragraph at lines 730--731
[]\T1/futs/m/n/10.95 Ambos os mod-e-los es-tu-da-dos ex-ibem re-tratos de fase 
qual-i-ta-ti-va-mente equiv-
 []


Underfull \hbox (badness 10000) in paragraph at lines 730--731

 []


Underfull \hbox (badness 10000) in paragraph at lines 730--731

 []


Overfull \hbox (13.77164pt too wide) in paragraph at lines 739--741
\T1/futs/m/n/10.95 Mude tam-bÈm a den-si-dade de con-dut‚n-cia m·x-ima do c·l-c
io para $[] \FMS/futm/m/n/10.95 Å \T1/futs/m/n/10.95 1$ mS/cm$[]$.
 []


Underfull \hbox (badness 10000) in paragraph at lines 739--741

 []

[22 <../figures/ex_2c_phase_J25p0.png>]
Overfull \hbox (40.45709pt too wide) detected at line 750
\FML/futmi/m/it/10.95 m[]\T1/futs/m/n/10.95 (\FML/futmi/m/it/10.95 V\T1/futs/m/
n/10.95 ) \FMS/futm/m/n/10.95 Å []  [] \FML/futmi/m/it/10.95 ;  n[]\T1/futs/m/n
/10.95 (\FML/futmi/m/it/10.95 V\T1/futs/m/n/10.95 ) \FMS/futm/m/n/10.95 Å []  [
] \FML/futmi/m/it/10.95 ;  ^^\[]\T1/futs/m/n/10.95 (\FML/futmi/m/it/10.95 V\T1/
futs/m/n/10.95 ) \FMS/futm/m/n/10.95 Å []\FML/futmi/m/it/10.95 :
 []

[23]
<../figures/ex_2d.png, id=168, 513.117pt x 367.3725pt>
File: ../figures/ex_2d.png Graphic file (type png)
<use ../figures/ex_2d.png>
Package pdftex.def Info: ../figures/ex_2d.png  used on input line 823.
(pdftex.def)             Requested size: 312.9803pt x 224.09128pt.

Underfull \hbox (badness 10000) in paragraph at lines 827--828

 []

[24 <../figures/ex_2d.png>]
File: ../figures/ex_2b_1.png Graphic file (type png)
<use ../figures/ex_2b_1.png>
Package pdftex.def Info: ../figures/ex_2b_1.png  used on input line 833.
(pdftex.def)             Requested size: 312.9803pt x 173.8816pt.
File: ../figures/ex_2b_2.png Graphic file (type png)
<use ../figures/ex_2b_2.png>
Package pdftex.def Info: ../figures/ex_2b_2.png  used on input line 839.
(pdftex.def)             Requested size: 312.9803pt x 173.8816pt.
File: ../figures/ex_2b_3.png Graphic file (type png)
<use ../figures/ex_2b_3.png>
Package pdftex.def Info: ../figures/ex_2b_3.png  used on input line 845.
(pdftex.def)             Requested size: 312.9803pt x 226.05183pt.
 [25]
Underfull \hbox (badness 10000) in paragraph at lines 849--850

 []

<../figures/ex_2f_fI.png, id=182, 570.933pt x 353.1594pt>
File: ../figures/ex_2f_fI.png Graphic file (type png)
<use ../figures/ex_2f_fI.png>
Package pdftex.def Info: ../figures/ex_2f_fI.png  used on input line 855.
(pdftex.def)             Requested size: 312.9803pt x 193.60237pt.
[26]
<../figures/ex_2f_Vt.png, id=188, 643.203pt x 353.1594pt>
File: ../figures/ex_2f_Vt.png Graphic file (type png)
<use ../figures/ex_2f_Vt.png>
Package pdftex.def Info: ../figures/ex_2f_Vt.png  used on input line 861.
(pdftex.def)             Requested size: 312.9803pt x 171.8479pt.
<../figures/ex_2f_phase.png, id=189, 556.479pt x 454.3374pt>
File: ../figures/ex_2f_phase.png Graphic file (type png)
<use ../figures/ex_2f_phase.png>
Package pdftex.def Info: ../figures/ex_2f_phase.png  used on input line 867.
(pdftex.def)             Requested size: 312.9803pt x 255.53642pt.
 [27 <../figures/ex_2f_fI.png> <../figures/ex_2f_Vt.png>] [28 <../figures/ex_2f
_phase.png>] (document.aux)
 ***********
LaTeX2e <2023-11-01> patch level 1
L3 programming layer <2024-01-04>
 ***********
Package rerunfilecheck Info: File `document.out' has not changed.
(rerunfilecheck)             Checksum: D41D8CD98F00B204E9800998ECF8427E;0.
 ) 
Here is how much of TeX's memory you used:
 13427 strings out of 474485
 216801 string characters out of 5743735
 1941542 words of memory out of 5000000
 35402 multiletter control sequences out of 15000+600000
 629534 words of font info for 115 fonts, out of 8000000 for 9000
 1141 hyphenation exceptions out of 8191
 70i,14n,79p,2247b,472s stack positions out of 10000i,1000n,20000p,200000b,200000s
 <C:\Users\prstu\AppData\Local\MiKTeX\fonts/pk/ljfour/jknappen/ec/dpi600\ectt
1095.pk><C:/Users/prstu/AppData/Local/Programs/MiKTeX/fonts/type1/public/fourie
r/fourier-mex.pfb><C:/Users/prstu/AppData/Local/Programs/MiKTeX/fonts/type1/pub
lic/fourier/fourier-ml.pfb><C:/Users/prstu/AppData/Local/Programs/MiKTeX/fonts/
type1/public/fourier/fourier-mlit.pfb><C:/Users/prstu/AppData/Local/Programs/Mi
KTeX/fonts/type1/public/fourier/fourier-ms.pfb><C:/Users/prstu/AppData/Local/Pr
ograms/MiKTeX/fonts/type1/adobe/utopia/putb8a.pfb><C:/Users/prstu/AppData/Local
/Programs/MiKTeX/fonts/type1/adobe/utopia/putr8a.pfb><C:/Users/prstu/AppData/Lo
cal/Programs/MiKTeX/fonts/type1/adobe/utopia/putri8a.pfb>
Output written on document.pdf (28 pages, 3982578 bytes).
PDF statistics:
 277 PDF objects out of 1000 (max. 8388607)
 55 named destinations out of 1000 (max. 500000)
 116 words of extra memory for PDF output out of 10000 (max. 10000000)

